[0m[[0m[0mdebug[0m] [0m[0mjavaOptions: Vector(-Dconfig.file=conf/application.test.conf)[0m
[0m[[0m[0mdebug[0m] [0m[0mForking tests - parallelism = false[0m
[0m[[0m[0mdebug[0m] [0m[0mCreate a single-thread test executor[0m
[0m[[0m[0mdebug[0m] [0m[0mRunner for com.novocode.junit.JUnitFramework produced 4 initial tasks for 4 tests.[0m
[0m[[0m[0mdebug[0m] [0m[0m  Running TaskDef(controllers.HomeControllerTest, sbt.ForkMain$AnnotatedFingerscan@853372a, false, [SuiteSelector])[0m
[0m[[0m[0mdebug[0m] [0m[0m[34mTest run started[0m[0m
[0m[[0m[0mdebug[0m] [0m[0mTest controllers.[33mHomeControllerTest[0m.[36mtestIndex[0m started[0m
[0m[[0m[31merror[0m] [0m[0mTest controllers.[33mHomeControllerTest[0m.[31mtestIndex[0m failed: java.lang.[31mRuntimeException[0m: java.util.concurrent.TimeoutException, took 40.127 sec[0m
[0m[[0m[31merror[0m] [0m[0m    at play.test.Helpers.wrapScalaResult(Helpers.java:101)[0m
[0m[[0m[31merror[0m] [0m[0m    at play.test.Helpers.route(Helpers.java:588)[0m
[0m[[0m[31merror[0m] [0m[0m    at play.test.Helpers.route(Helpers.java:557)[0m
[0m[[0m[31merror[0m] [0m[0m    at controllers.HomeControllerTest.testIndex([35mHomeControllerTest.java[0m:[33m28[0m)[0m
[0m[[0m[31merror[0m] [0m[0m    ...[0m
[0m[[0m[31merror[0m] [0m[0mCaused by: java.util.concurrent.TimeoutException[0m
[0m[[0m[31merror[0m] [0m[0m    at java.util.concurrent.CompletableFuture.timedGet(Unknown Source)[0m
[0m[[0m[31merror[0m] [0m[0m    at java.util.concurrent.CompletableFuture.get(Unknown Source)[0m
[0m[[0m[31merror[0m] [0m[0m    at scala.concurrent.java8.FuturesConvertersImpl$CF.super$get(FutureConvertersImpl.scala:84)[0m
[0m[[0m[31merror[0m] [0m[0m    at scala.concurrent.java8.FuturesConvertersImpl$CF.$anonfun$get$2(FutureConvertersImpl.scala:84)[0m
[0m[[0m[31merror[0m] [0m[0m    at scala.concurrent.BlockContext$DefaultBlockContext$.blockOn(BlockContext.scala:53)[0m
[0m[[0m[31merror[0m] [0m[0m    at scala.concurrent.package$.blocking(package.scala:142)[0m
[0m[[0m[31merror[0m] [0m[0m    at scala.concurrent.java8.FuturesConvertersImpl$CF.get(FutureConvertersImpl.scala:84)[0m
[0m[[0m[31merror[0m] [0m[0m    at play.test.Helpers.wrapScalaResult(Helpers.java:92)[0m
[0m[[0m[31merror[0m] [0m[0m    ... 39 more[0m
[0m[[0m[0mdebug[0m] [0m[0mTest controllers.[33mHomeControllerTest[0m.[36mtestIndex[0m finished, took 40.135 sec[0m
[0m[[0m[0mdebug[0m] [0m[0m[34mTest run finished: [0m[31m1 failed[0m[34m, [0m[34m0 ignored[0m[34m, 1 total, 40.143s[0m[0m
[0m[[0m[0mdebug[0m] [0m[0m    Produced 0 nested tasks and 1 events.[0m
[0m[[0m[0mdebug[0m] [0m[0m  Running TaskDef(uiTests.selenuimCheckResponseTimeNew, sbt.ForkMain$AnnotatedFingerscan@f163504, false, [SuiteSelector])[0m
[0m[[0m[0mdebug[0m] [0m[0m[34mTest run started[0m[0m
[0m[[0m[0mdebug[0m] [0m[0mTest uiTests.[33mselenuimCheckResponseTimeNew[0m.[36mE2E_5_1[0m started[0m
[0m[[0m[31merror[0m] [0m[0mTest uiTests.[33mselenuimCheckResponseTimeNew[0m.[31mE2E_5_1[0m failed: org.openqa.selenium.[31mWebDriverException[0m: Cannot find firefox binary in PATH. Make sure firefox is installed. OS appears to be: WIN10[0m
[0m[[0m[31merror[0m] [0m[0mBuild info: version: '3.5.3', revision: 'a88d25fe6b', time: '2017-08-29T12:42:44.417Z'[0m
[0m[[0m[31merror[0m] [0m[0mSystem info: host: 'HSHIDLOV-MOBL', ip: '192.168.14.166', os.name: 'Windows 10', os.arch: 'amd64', os.version: '10.0', java.version: '1.8.0_201'[0m
[0m[[0m[31merror[0m] [0m[0mDriver info: driver.version: FirefoxDriver, took 0.168 sec[0m
[0m[[0m[31merror[0m] [0m[0m    at org.openqa.selenium.firefox.FirefoxBinary.<init>(FirefoxBinary.java:115)[0m
[0m[[0m[31merror[0m] [0m[0m    at java.util.Optional.orElseGet(Unknown Source)[0m
[0m[[0m[31merror[0m] [0m[0m    at org.openqa.selenium.firefox.FirefoxOptions.getBinary(FirefoxOptions.java:257)[0m
[0m[[0m[31merror[0m] [0m[0m    at org.openqa.selenium.firefox.FirefoxDriver.toExecutor(FirefoxDriver.java:204)[0m
[0m[[0m[31merror[0m] [0m[0m    at org.openqa.selenium.firefox.FirefoxDriver.<init>(FirefoxDriver.java:103)[0m
[0m[[0m[31merror[0m] [0m[0m    at org.openqa.selenium.firefox.FirefoxDriver.<init>(FirefoxDriver.java:99)[0m
[0m[[0m[31merror[0m] [0m[0m    at uiTests.selenuimCheckResponseTimeNew.E2E_5_1([35mselenuimCheckResponseTimeNew.java[0m:[33m26[0m)[0m
[0m[[0m[31merror[0m] [0m[0m    ...[0m
[0m[[0m[0mdebug[0m] [0m[0mTest uiTests.[33mselenuimCheckResponseTimeNew[0m.[36mE2E_5_1[0m finished, took 0.169 sec[0m
[0m[[0m[0mdebug[0m] [0m[0mTest uiTests.[33mselenuimCheckResponseTimeNew[0m.[36mE2E_5_2[0m started[0m
[0m[[0m[31merror[0m] [0m[0mTest uiTests.[33mselenuimCheckResponseTimeNew[0m.[31mE2E_5_2[0m failed: org.openqa.selenium.[31mWebDriverException[0m: Cannot find firefox binary in PATH. Make sure firefox is installed. OS appears to be: WIN10[0m
[0m[[0m[31merror[0m] [0m[0mBuild info: version: '3.5.3', revision: 'a88d25fe6b', time: '2017-08-29T12:42:44.417Z'[0m
[0m[[0m[31merror[0m] [0m[0mSystem info: host: 'HSHIDLOV-MOBL', ip: '192.168.14.166', os.name: 'Windows 10', os.arch: 'amd64', os.version: '10.0', java.version: '1.8.0_201'[0m
[0m[[0m[31merror[0m] [0m[0mDriver info: driver.version: FirefoxDriver, took 0.01 sec[0m
[0m[[0m[31merror[0m] [0m[0m    at org.openqa.selenium.firefox.FirefoxBinary.<init>(FirefoxBinary.java:115)[0m
[0m[[0m[31merror[0m] [0m[0m    at java.util.Optional.orElseGet(Unknown Source)[0m
[0m[[0m[31merror[0m] [0m[0m    at org.openqa.selenium.firefox.FirefoxOptions.getBinary(FirefoxOptions.java:257)[0m
[0m[[0m[31merror[0m] [0m[0m    at org.openqa.selenium.firefox.FirefoxDriver.toExecutor(FirefoxDriver.java:204)[0m
[0m[[0m[31merror[0m] [0m[0m    at org.openqa.selenium.firefox.FirefoxDriver.<init>(FirefoxDriver.java:103)[0m
[0m[[0m[31merror[0m] [0m[0m    at org.openqa.selenium.firefox.FirefoxDriver.<init>(FirefoxDriver.java:99)[0m
[0m[[0m[31merror[0m] [0m[0m    at uiTests.selenuimCheckResponseTimeNew.E2E_5_2([35mselenuimCheckResponseTimeNew.java[0m:[33m49[0m)[0m
[0m[[0m[31merror[0m] [0m[0m    ...[0m
[0m[[0m[0mdebug[0m] [0m[0mTest uiTests.[33mselenuimCheckResponseTimeNew[0m.[36mE2E_5_2[0m finished, took 0.011 sec[0m
[0m[[0m[0mdebug[0m] [0m[0m[34mTest run finished: [0m[31m2 failed[0m[34m, [0m[34m0 ignored[0m[34m, 2 total, 0.18s[0m[0m
[0m[[0m[0mdebug[0m] [0m[0m    Produced 0 nested tasks and 2 events.[0m
[0m[[0m[0mdebug[0m] [0m[0m  Running TaskDef(DBTest.tablesQueries, sbt.ForkMain$AnnotatedFingerscan@2656f851, false, [SuiteSelector])[0m
[0m[[0m[0mdebug[0m] [0m[0m[34mTest run started[0m[0m
